============================= test session starts ==============================
platform linux -- Python 3.12.3, pytest-9.0.2, pluggy-1.6.0
rootdir: /home/draculushka/hobbyhold
plugins: mock-3.15.1, cov-7.1.0, anyio-4.12.1
collected 116 items

tests/test_auth_service.py .................                             [ 14%]
tests/test_auth_service_extra.py ....                                    [ 18%]
tests/test_business_logic.py ....                                        [ 21%]
tests/test_endpoints_auth.py .........                                   [ 29%]
tests/test_endpoints_hobbies.py ........                                 [ 36%]
tests/test_hobby_service.py ............................                 [ 60%]
tests/test_interaction_service.py .....                                  [ 64%]
tests/test_interaction_service_extra.py ....                             [ 68%]
tests/test_main.py .................                                     [ 82%]
tests/test_s3_service.py .......                                         [ 88%]
tests/test_security.py ...........                                       [ 98%]
tests/test_video_service.py ..                                           [100%]

=============================== warnings summary ===============================
venv/lib/python3.12/site-packages/passlib/utils/__init__.py:854
  /home/draculushka/hobbyhold/venv/lib/python3.12/site-packages/passlib/utils/__init__.py:854: DeprecationWarning: 'crypt' is deprecated and slated for removal in Python 3.13
    from crypt import crypt as _crypt

tests/test_business_logic.py: 6 warnings
tests/test_endpoints_auth.py: 18 warnings
tests/test_endpoints_hobbies.py: 16 warnings
tests/test_main.py: 34 warnings
  /home/draculushka/hobbyhold/venv/lib/python3.12/site-packages/botocore/auth.py:419: DeprecationWarning: datetime.datetime.utcnow() is deprecated and scheduled for removal in a future version. Use timezone-aware objects to represent datetimes in UTC: datetime.datetime.now(datetime.UTC).
    datetime_now = datetime.datetime.utcnow()

tests/test_business_logic.py: 5 warnings
tests/test_endpoints_auth.py: 9 warnings
tests/test_endpoints_hobbies.py: 8 warnings
tests/test_main.py: 23 warnings
  /home/draculushka/hobbyhold/venv/lib/python3.12/site-packages/starlette/templating.py:162: DeprecationWarning: The `name` is not the first parameter anymore. The first parameter should be the `Request` instance.
  Replace `TemplateResponse(name, {"request": request})` by `TemplateResponse(request, name)`.
    warnings.warn(

tests/test_endpoints_hobbies.py: 8 warnings
tests/test_security.py: 6 warnings
  /home/draculushka/hobbyhold/venv/lib/python3.12/site-packages/jose/jwt.py:311: DeprecationWarning: datetime.datetime.utcnow() is deprecated and scheduled for removal in a future version. Use timezone-aware objects to represent datetimes in UTC: datetime.datetime.now(datetime.UTC).
    now = timegm(datetime.utcnow().utctimetuple())

-- Docs: https://docs.pytest.org/en/stable/how-to/capture-warnings.html
================================ tests coverage ================================
_______________ coverage: platform linux, python 3.12.3-final-0 ________________

Name                               Stmts   Miss  Cover   Missing
----------------------------------------------------------------
api/__init__.py                        0      0   100%
api/endpoints/__init__.py              0      0   100%
api/endpoints/auth.py                 59      1    98%   45
api/endpoints/hobbies.py             100     32    68%   18, 28-47, 64-65, 115-122, 131-134, 152, 158-159, 176, 184-187, 203
api/endpoints/profile.py              97     38    61%   51, 65, 69, 89-101, 108-115, 119-121, 129-142, 153-160
api/v1/__init__.py                     6      0   100%
api/v1/auth.py                        15      5    67%   16-24
api/v1/hobbies.py                     17      6    65%   17-18, 26-29
api/v1/interactions.py                34     15    56%   19-22, 31-34, 42-45, 54-57, 65-68
core/__init__.py                       0      0   100%
core/celery_app.py                     6      1    83%   25
core/config.py                        23      1    96%   13
core/security.py                      49      0   100%
core/templates.py                     12      0   100%
main.py                               76     11    86%   51, 63-65, 92-98
models/__init__.py                    77      0   100%
services/__init__.py                   0      0   100%
services/auth_service.py              72      0   100%
services/hobby_service.py            135     38    72%   20-38, 56, 77, 90-91, 95-107, 147, 158-160, 169, 209-214
services/interaction_service.py      119     29    76%   13-15, 130-163
services/notification_service.py       5      0   100%
services/s3_service.py                38      2    95%   85-86
services/video_service.py             39      0   100%
----------------------------------------------------------------
TOTAL                                979    179    82%
====================== 116 passed, 134 warnings in 14.64s ======================
